2023-06-22 17:19:37,397 [main] ERROR com.appiancorp.ps.automatedversioning.ValidateParameters - The -action option must be used. Please use -h or -help for more information.
2023-06-22 17:19:53,505 [main] ERROR com.appiancorp.ps.automatedversioning.ValidateParameters - The -action option must be used. Please use -h or -help for more information.
2023-06-23 09:41:32,232 [main] ERROR com.appiancorp.ps.automatedversioning.ValidateParameters - The -action option must be used. Please use -h or -help for more information.
2023-06-23 14:35:10,450 [main] ERROR com.appiancorp.ps.automatedversioning.VCSAndBuildController - The VersionControlType parameter is unrecognized.
2023-06-23 14:37:43,587 [main] ERROR com.appiancorp.ps.automatedversioning.VCSAndBuildController - The VersionControlType parameter is unrecognized.
2023-06-23 14:43:37,493 [main] ERROR com.appiancorp.ps.automatedversioning.VCSAndBuildController - The VersionControlType parameter is unrecognized.
2023-06-23 14:44:27,852 [main] ERROR com.appiancorp.ps.automatedversioning.VCSAndBuildController - The VersionControlType parameter is unrecognized.
2023-06-23 14:45:49,723 [main] ERROR com.appiancorp.ps.automatedversioning.ValidateParameters - The -action option must be used. Please use -h or -help for more information.
2023-06-23 14:51:41,814 [main] ERROR com.appiancorp.ps.automatedversioning.ValidateParameters - The "application_path" or "admin_console_path" option or a valid DDL and DS pair must be provided when using the "addContents" argument.
2023-06-23 14:58:03,673 [main] ERROR com.appiancorp.ps.automatedversioning.AutomatedVersioningManager - There was an error completing the selected operation. Additional details will be logged.
2023-06-23 14:58:03,675 [main] ERROR com.appiancorp.ps.automatedversioning.AutomatedVersioningManager - Details of error: 
org.eclipse.jgit.api.errors.TransportException: https://github.com/darderius/appian.git: not authorized
	at org.eclipse.jgit.api.PushCommand.call(PushCommand.java:147) ~[appian-adm-versioning-client-2.5.26.jar:?]
	at com.appiancorp.ps.automatedversioning.GitObject.gitPush(GitObject.java:228) ~[appian-adm-versioning-client-2.5.26.jar:?]
	at com.appiancorp.ps.automatedversioning.GitObject.commit(GitObject.java:173) ~[appian-adm-versioning-client-2.5.26.jar:?]
	at com.appiancorp.ps.automatedversioning.GitObject.commit(GitObject.java:143) ~[appian-adm-versioning-client-2.5.26.jar:?]
	at com.appiancorp.ps.automatedversioning.VCSAndBuildController.addContents(VCSAndBuildController.java:178) ~[appian-adm-versioning-client-2.5.26.jar:?]
	at com.appiancorp.ps.automatedversioning.AutomatedVersioningManager.main(AutomatedVersioningManager.java:154) [appian-adm-versioning-client-2.5.26.jar:?]
Caused by: org.eclipse.jgit.errors.TransportException: https://github.com/darderius/appian.git: not authorized
	at org.eclipse.jgit.transport.TransportHttp.connect(TransportHttp.java:685) ~[appian-adm-versioning-client-2.5.26.jar:?]
	at org.eclipse.jgit.transport.TransportHttp.connect(TransportHttp.java:627) ~[appian-adm-versioning-client-2.5.26.jar:?]
	at org.eclipse.jgit.transport.TransportHttp.openPush(TransportHttp.java:541) ~[appian-adm-versioning-client-2.5.26.jar:?]
	at org.eclipse.jgit.transport.PushProcess.execute(PushProcess.java:127) ~[appian-adm-versioning-client-2.5.26.jar:?]
	at org.eclipse.jgit.transport.Transport.push(Transport.java:1384) ~[appian-adm-versioning-client-2.5.26.jar:?]
	at org.eclipse.jgit.api.PushCommand.call(PushCommand.java:137) ~[appian-adm-versioning-client-2.5.26.jar:?]
	... 5 more
2023-06-23 15:41:38,796 [main] ERROR com.appiancorp.ps.automatedversioning.AutomatedVersioningManager - There was an error completing the selected operation. Additional details will be logged.
2023-06-23 15:41:38,797 [main] ERROR com.appiancorp.ps.automatedversioning.AutomatedVersioningManager - Details of error: 
org.eclipse.jgit.errors.NoWorkTreeException: Bare Repository has neither a working tree, nor an index
	at org.eclipse.jgit.lib.Repository.getIndexFile(Repository.java:1200) ~[appian-adm-versioning-client-2.5.26.jar:?]
	at org.eclipse.jgit.dircache.DirCache.lock(DirCache.java:258) ~[appian-adm-versioning-client-2.5.26.jar:?]
	at org.eclipse.jgit.lib.Repository.lockDirCache(Repository.java:1282) ~[appian-adm-versioning-client-2.5.26.jar:?]
	at org.eclipse.jgit.api.AddCommand.call(AddCommand.java:122) ~[appian-adm-versioning-client-2.5.26.jar:?]
	at com.appiancorp.ps.automatedversioning.GitObject.commit(GitObject.java:164) ~[appian-adm-versioning-client-2.5.26.jar:?]
	at com.appiancorp.ps.automatedversioning.GitObject.initializeEmptyGitRepo(GitObject.java:521) ~[appian-adm-versioning-client-2.5.26.jar:?]
	at com.appiancorp.ps.automatedversioning.GitObject.gitPull(GitObject.java:531) ~[appian-adm-versioning-client-2.5.26.jar:?]
	at com.appiancorp.ps.automatedversioning.GitObject.update(GitObject.java:137) ~[appian-adm-versioning-client-2.5.26.jar:?]
	at com.appiancorp.ps.automatedversioning.VCSAndBuildController.addContents(VCSAndBuildController.java:59) ~[appian-adm-versioning-client-2.5.26.jar:?]
	at com.appiancorp.ps.automatedversioning.AutomatedVersioningManager.main(AutomatedVersioningManager.java:154) [appian-adm-versioning-client-2.5.26.jar:?]
2023-06-23 15:42:14,447 [main] ERROR com.appiancorp.ps.automatedversioning.AutomatedVersioningManager - There was an error completing the selected operation. Additional details will be logged.
2023-06-23 15:42:14,449 [main] ERROR com.appiancorp.ps.automatedversioning.AutomatedVersioningManager - Details of error: 
org.eclipse.jgit.errors.NoWorkTreeException: Bare Repository has neither a working tree, nor an index
	at org.eclipse.jgit.lib.Repository.getIndexFile(Repository.java:1200) ~[appian-adm-versioning-client-2.5.26.jar:?]
	at org.eclipse.jgit.dircache.DirCache.lock(DirCache.java:258) ~[appian-adm-versioning-client-2.5.26.jar:?]
	at org.eclipse.jgit.lib.Repository.lockDirCache(Repository.java:1282) ~[appian-adm-versioning-client-2.5.26.jar:?]
	at org.eclipse.jgit.api.AddCommand.call(AddCommand.java:122) ~[appian-adm-versioning-client-2.5.26.jar:?]
	at com.appiancorp.ps.automatedversioning.GitObject.commit(GitObject.java:164) ~[appian-adm-versioning-client-2.5.26.jar:?]
	at com.appiancorp.ps.automatedversioning.GitObject.initializeEmptyGitRepo(GitObject.java:521) ~[appian-adm-versioning-client-2.5.26.jar:?]
	at com.appiancorp.ps.automatedversioning.GitObject.gitPull(GitObject.java:531) ~[appian-adm-versioning-client-2.5.26.jar:?]
	at com.appiancorp.ps.automatedversioning.GitObject.update(GitObject.java:137) ~[appian-adm-versioning-client-2.5.26.jar:?]
	at com.appiancorp.ps.automatedversioning.VCSAndBuildController.addContents(VCSAndBuildController.java:59) ~[appian-adm-versioning-client-2.5.26.jar:?]
	at com.appiancorp.ps.automatedversioning.AutomatedVersioningManager.main(AutomatedVersioningManager.java:154) [appian-adm-versioning-client-2.5.26.jar:?]
2023-06-23 15:48:02,184 [main] ERROR com.appiancorp.ps.automatedversioning.AutomatedVersioningManager - There was an error completing the selected operation. Additional details will be logged.
2023-06-23 15:48:02,185 [main] ERROR com.appiancorp.ps.automatedversioning.AutomatedVersioningManager - Details of error: 
org.eclipse.jgit.errors.NoWorkTreeException: Bare Repository has neither a working tree, nor an index
	at org.eclipse.jgit.lib.Repository.getIndexFile(Repository.java:1200) ~[appian-adm-versioning-client-2.5.26.jar:?]
	at org.eclipse.jgit.dircache.DirCache.lock(DirCache.java:258) ~[appian-adm-versioning-client-2.5.26.jar:?]
	at org.eclipse.jgit.lib.Repository.lockDirCache(Repository.java:1282) ~[appian-adm-versioning-client-2.5.26.jar:?]
	at org.eclipse.jgit.api.AddCommand.call(AddCommand.java:122) ~[appian-adm-versioning-client-2.5.26.jar:?]
	at com.appiancorp.ps.automatedversioning.GitObject.commit(GitObject.java:164) ~[appian-adm-versioning-client-2.5.26.jar:?]
	at com.appiancorp.ps.automatedversioning.GitObject.initializeEmptyGitRepo(GitObject.java:521) ~[appian-adm-versioning-client-2.5.26.jar:?]
	at com.appiancorp.ps.automatedversioning.GitObject.gitPull(GitObject.java:531) ~[appian-adm-versioning-client-2.5.26.jar:?]
	at com.appiancorp.ps.automatedversioning.GitObject.update(GitObject.java:137) ~[appian-adm-versioning-client-2.5.26.jar:?]
	at com.appiancorp.ps.automatedversioning.VCSAndBuildController.addContents(VCSAndBuildController.java:59) ~[appian-adm-versioning-client-2.5.26.jar:?]
	at com.appiancorp.ps.automatedversioning.AutomatedVersioningManager.main(AutomatedVersioningManager.java:154) [appian-adm-versioning-client-2.5.26.jar:?]
2023-06-23 15:52:31,849 [main] ERROR com.appiancorp.ps.automatedversioning.AutomatedVersioningManager - There was an error completing the selected operation. Additional details will be logged.
2023-06-23 15:52:31,851 [main] ERROR com.appiancorp.ps.automatedversioning.AutomatedVersioningManager - Details of error: 
org.eclipse.jgit.errors.NoWorkTreeException: Bare Repository has neither a working tree, nor an index
	at org.eclipse.jgit.lib.Repository.getIndexFile(Repository.java:1200) ~[appian-adm-versioning-client-2.5.26.jar:?]
	at org.eclipse.jgit.dircache.DirCache.lock(DirCache.java:258) ~[appian-adm-versioning-client-2.5.26.jar:?]
	at org.eclipse.jgit.lib.Repository.lockDirCache(Repository.java:1282) ~[appian-adm-versioning-client-2.5.26.jar:?]
	at org.eclipse.jgit.api.AddCommand.call(AddCommand.java:122) ~[appian-adm-versioning-client-2.5.26.jar:?]
	at com.appiancorp.ps.automatedversioning.GitObject.commit(GitObject.java:164) ~[appian-adm-versioning-client-2.5.26.jar:?]
	at com.appiancorp.ps.automatedversioning.GitObject.initializeEmptyGitRepo(GitObject.java:521) ~[appian-adm-versioning-client-2.5.26.jar:?]
	at com.appiancorp.ps.automatedversioning.GitObject.gitPull(GitObject.java:531) ~[appian-adm-versioning-client-2.5.26.jar:?]
	at com.appiancorp.ps.automatedversioning.GitObject.update(GitObject.java:137) ~[appian-adm-versioning-client-2.5.26.jar:?]
	at com.appiancorp.ps.automatedversioning.VCSAndBuildController.addContents(VCSAndBuildController.java:59) ~[appian-adm-versioning-client-2.5.26.jar:?]
	at com.appiancorp.ps.automatedversioning.AutomatedVersioningManager.main(AutomatedVersioningManager.java:154) [appian-adm-versioning-client-2.5.26.jar:?]
2023-06-23 15:57:53,517 [main] ERROR com.appiancorp.ps.automatedversioning.AutomatedVersioningManager - There was an error completing the selected operation. Additional details will be logged.
2023-06-23 15:57:53,519 [main] ERROR com.appiancorp.ps.automatedversioning.AutomatedVersioningManager - Details of error: 
org.eclipse.jgit.errors.NoWorkTreeException: Bare Repository has neither a working tree, nor an index
	at org.eclipse.jgit.lib.Repository.getIndexFile(Repository.java:1200) ~[appian-adm-versioning-client-2.5.26.jar:?]
	at org.eclipse.jgit.dircache.DirCache.lock(DirCache.java:258) ~[appian-adm-versioning-client-2.5.26.jar:?]
	at org.eclipse.jgit.lib.Repository.lockDirCache(Repository.java:1282) ~[appian-adm-versioning-client-2.5.26.jar:?]
	at org.eclipse.jgit.api.AddCommand.call(AddCommand.java:122) ~[appian-adm-versioning-client-2.5.26.jar:?]
	at com.appiancorp.ps.automatedversioning.GitObject.commit(GitObject.java:164) ~[appian-adm-versioning-client-2.5.26.jar:?]
	at com.appiancorp.ps.automatedversioning.GitObject.initializeEmptyGitRepo(GitObject.java:521) ~[appian-adm-versioning-client-2.5.26.jar:?]
	at com.appiancorp.ps.automatedversioning.GitObject.gitPull(GitObject.java:531) ~[appian-adm-versioning-client-2.5.26.jar:?]
	at com.appiancorp.ps.automatedversioning.GitObject.update(GitObject.java:137) ~[appian-adm-versioning-client-2.5.26.jar:?]
	at com.appiancorp.ps.automatedversioning.VCSAndBuildController.addContents(VCSAndBuildController.java:59) ~[appian-adm-versioning-client-2.5.26.jar:?]
	at com.appiancorp.ps.automatedversioning.AutomatedVersioningManager.main(AutomatedVersioningManager.java:154) [appian-adm-versioning-client-2.5.26.jar:?]
2023-06-23 16:05:48,791 [main] ERROR com.appiancorp.ps.automatedversioning.AutomatedVersioningManager - There was an error completing the selected operation. Additional details will be logged.
2023-06-23 16:05:48,793 [main] ERROR com.appiancorp.ps.automatedversioning.AutomatedVersioningManager - Details of error: 
org.eclipse.jgit.errors.NoWorkTreeException: Bare Repository has neither a working tree, nor an index
	at org.eclipse.jgit.lib.Repository.getIndexFile(Repository.java:1200) ~[appian-adm-versioning-client-2.5.26.jar:?]
	at org.eclipse.jgit.dircache.DirCache.lock(DirCache.java:258) ~[appian-adm-versioning-client-2.5.26.jar:?]
	at org.eclipse.jgit.lib.Repository.lockDirCache(Repository.java:1282) ~[appian-adm-versioning-client-2.5.26.jar:?]
	at org.eclipse.jgit.api.AddCommand.call(AddCommand.java:122) ~[appian-adm-versioning-client-2.5.26.jar:?]
	at com.appiancorp.ps.automatedversioning.GitObject.commit(GitObject.java:164) ~[appian-adm-versioning-client-2.5.26.jar:?]
	at com.appiancorp.ps.automatedversioning.GitObject.initializeEmptyGitRepo(GitObject.java:521) ~[appian-adm-versioning-client-2.5.26.jar:?]
	at com.appiancorp.ps.automatedversioning.GitObject.gitPull(GitObject.java:531) ~[appian-adm-versioning-client-2.5.26.jar:?]
	at com.appiancorp.ps.automatedversioning.GitObject.update(GitObject.java:137) ~[appian-adm-versioning-client-2.5.26.jar:?]
	at com.appiancorp.ps.automatedversioning.VCSAndBuildController.addContents(VCSAndBuildController.java:59) ~[appian-adm-versioning-client-2.5.26.jar:?]
	at com.appiancorp.ps.automatedversioning.AutomatedVersioningManager.main(AutomatedVersioningManager.java:154) [appian-adm-versioning-client-2.5.26.jar:?]
2023-06-23 16:07:05,341 [main] ERROR com.appiancorp.ps.automatedversioning.AutomatedVersioningManager - There was an error completing the selected operation. Additional details will be logged.
2023-06-23 16:07:05,343 [main] ERROR com.appiancorp.ps.automatedversioning.AutomatedVersioningManager - Details of error: 
org.eclipse.jgit.errors.NoWorkTreeException: Bare Repository has neither a working tree, nor an index
	at org.eclipse.jgit.lib.Repository.getIndexFile(Repository.java:1200) ~[appian-adm-versioning-client-2.5.26.jar:?]
	at org.eclipse.jgit.dircache.DirCache.lock(DirCache.java:258) ~[appian-adm-versioning-client-2.5.26.jar:?]
	at org.eclipse.jgit.lib.Repository.lockDirCache(Repository.java:1282) ~[appian-adm-versioning-client-2.5.26.jar:?]
	at org.eclipse.jgit.api.AddCommand.call(AddCommand.java:122) ~[appian-adm-versioning-client-2.5.26.jar:?]
	at com.appiancorp.ps.automatedversioning.GitObject.commit(GitObject.java:164) ~[appian-adm-versioning-client-2.5.26.jar:?]
	at com.appiancorp.ps.automatedversioning.GitObject.initializeEmptyGitRepo(GitObject.java:521) ~[appian-adm-versioning-client-2.5.26.jar:?]
	at com.appiancorp.ps.automatedversioning.GitObject.gitPull(GitObject.java:531) ~[appian-adm-versioning-client-2.5.26.jar:?]
	at com.appiancorp.ps.automatedversioning.GitObject.update(GitObject.java:137) ~[appian-adm-versioning-client-2.5.26.jar:?]
	at com.appiancorp.ps.automatedversioning.VCSAndBuildController.addContents(VCSAndBuildController.java:59) ~[appian-adm-versioning-client-2.5.26.jar:?]
	at com.appiancorp.ps.automatedversioning.AutomatedVersioningManager.main(AutomatedVersioningManager.java:154) [appian-adm-versioning-client-2.5.26.jar:?]
2023-06-23 16:12:53,622 [main] ERROR com.appiancorp.ps.automatedversioning.AutomatedVersioningManager - There was an error completing the selected operation. Additional details will be logged.
2023-06-23 16:12:53,624 [main] ERROR com.appiancorp.ps.automatedversioning.AutomatedVersioningManager - Details of error: 
org.eclipse.jgit.errors.NoWorkTreeException: Bare Repository has neither a working tree, nor an index
	at org.eclipse.jgit.lib.Repository.getIndexFile(Repository.java:1200) ~[appian-adm-versioning-client-2.5.26.jar:?]
	at org.eclipse.jgit.dircache.DirCache.lock(DirCache.java:258) ~[appian-adm-versioning-client-2.5.26.jar:?]
	at org.eclipse.jgit.lib.Repository.lockDirCache(Repository.java:1282) ~[appian-adm-versioning-client-2.5.26.jar:?]
	at org.eclipse.jgit.api.AddCommand.call(AddCommand.java:122) ~[appian-adm-versioning-client-2.5.26.jar:?]
	at com.appiancorp.ps.automatedversioning.GitObject.commit(GitObject.java:164) ~[appian-adm-versioning-client-2.5.26.jar:?]
	at com.appiancorp.ps.automatedversioning.GitObject.initializeEmptyGitRepo(GitObject.java:521) ~[appian-adm-versioning-client-2.5.26.jar:?]
	at com.appiancorp.ps.automatedversioning.GitObject.gitPull(GitObject.java:531) ~[appian-adm-versioning-client-2.5.26.jar:?]
	at com.appiancorp.ps.automatedversioning.GitObject.update(GitObject.java:137) ~[appian-adm-versioning-client-2.5.26.jar:?]
	at com.appiancorp.ps.automatedversioning.VCSAndBuildController.addContents(VCSAndBuildController.java:59) ~[appian-adm-versioning-client-2.5.26.jar:?]
	at com.appiancorp.ps.automatedversioning.AutomatedVersioningManager.main(AutomatedVersioningManager.java:154) [appian-adm-versioning-client-2.5.26.jar:?]
2023-06-23 16:14:27,477 [main] ERROR com.appiancorp.ps.automatedversioning.AutomatedVersioningManager - There was an error completing the selected operation. Additional details will be logged.
2023-06-23 16:14:27,478 [main] ERROR com.appiancorp.ps.automatedversioning.AutomatedVersioningManager - Details of error: 
org.eclipse.jgit.errors.NoWorkTreeException: Bare Repository has neither a working tree, nor an index
	at org.eclipse.jgit.lib.Repository.getIndexFile(Repository.java:1200) ~[appian-adm-versioning-client-2.5.26.jar:?]
	at org.eclipse.jgit.dircache.DirCache.lock(DirCache.java:258) ~[appian-adm-versioning-client-2.5.26.jar:?]
	at org.eclipse.jgit.lib.Repository.lockDirCache(Repository.java:1282) ~[appian-adm-versioning-client-2.5.26.jar:?]
	at org.eclipse.jgit.api.AddCommand.call(AddCommand.java:122) ~[appian-adm-versioning-client-2.5.26.jar:?]
	at com.appiancorp.ps.automatedversioning.GitObject.commit(GitObject.java:164) ~[appian-adm-versioning-client-2.5.26.jar:?]
	at com.appiancorp.ps.automatedversioning.GitObject.initializeEmptyGitRepo(GitObject.java:521) ~[appian-adm-versioning-client-2.5.26.jar:?]
	at com.appiancorp.ps.automatedversioning.GitObject.gitPull(GitObject.java:531) ~[appian-adm-versioning-client-2.5.26.jar:?]
	at com.appiancorp.ps.automatedversioning.GitObject.update(GitObject.java:137) ~[appian-adm-versioning-client-2.5.26.jar:?]
	at com.appiancorp.ps.automatedversioning.VCSAndBuildController.addContents(VCSAndBuildController.java:59) ~[appian-adm-versioning-client-2.5.26.jar:?]
	at com.appiancorp.ps.automatedversioning.AutomatedVersioningManager.main(AutomatedVersioningManager.java:154) [appian-adm-versioning-client-2.5.26.jar:?]
2023-06-23 16:19:01,733 [main] ERROR com.appiancorp.ps.automatedversioning.AutomatedVersioningManager - There was an error completing the selected operation. Additional details will be logged.
2023-06-23 16:19:01,735 [main] ERROR com.appiancorp.ps.automatedversioning.AutomatedVersioningManager - Details of error: 
org.eclipse.jgit.errors.NoWorkTreeException: Bare Repository has neither a working tree, nor an index
	at org.eclipse.jgit.lib.Repository.getIndexFile(Repository.java:1200) ~[appian-adm-versioning-client-2.5.26.jar:?]
	at org.eclipse.jgit.dircache.DirCache.lock(DirCache.java:258) ~[appian-adm-versioning-client-2.5.26.jar:?]
	at org.eclipse.jgit.lib.Repository.lockDirCache(Repository.java:1282) ~[appian-adm-versioning-client-2.5.26.jar:?]
	at org.eclipse.jgit.api.AddCommand.call(AddCommand.java:122) ~[appian-adm-versioning-client-2.5.26.jar:?]
	at com.appiancorp.ps.automatedversioning.GitObject.commit(GitObject.java:164) ~[appian-adm-versioning-client-2.5.26.jar:?]
	at com.appiancorp.ps.automatedversioning.GitObject.initializeEmptyGitRepo(GitObject.java:521) ~[appian-adm-versioning-client-2.5.26.jar:?]
	at com.appiancorp.ps.automatedversioning.GitObject.gitPull(GitObject.java:531) ~[appian-adm-versioning-client-2.5.26.jar:?]
	at com.appiancorp.ps.automatedversioning.GitObject.update(GitObject.java:137) ~[appian-adm-versioning-client-2.5.26.jar:?]
	at com.appiancorp.ps.automatedversioning.VCSAndBuildController.addContents(VCSAndBuildController.java:59) ~[appian-adm-versioning-client-2.5.26.jar:?]
	at com.appiancorp.ps.automatedversioning.AutomatedVersioningManager.main(AutomatedVersioningManager.java:154) [appian-adm-versioning-client-2.5.26.jar:?]
2023-06-23 16:29:13,530 [main] ERROR com.appiancorp.ps.automatedversioning.AutomatedVersioningManager - There was an error completing the selected operation. Additional details will be logged.
2023-06-23 16:29:13,531 [main] ERROR com.appiancorp.ps.automatedversioning.AutomatedVersioningManager - Details of error: 
org.eclipse.jgit.errors.NoWorkTreeException: Bare Repository has neither a working tree, nor an index
	at org.eclipse.jgit.lib.Repository.getIndexFile(Repository.java:1200) ~[appian-adm-versioning-client-2.5.26.jar:?]
	at org.eclipse.jgit.dircache.DirCache.lock(DirCache.java:258) ~[appian-adm-versioning-client-2.5.26.jar:?]
	at org.eclipse.jgit.lib.Repository.lockDirCache(Repository.java:1282) ~[appian-adm-versioning-client-2.5.26.jar:?]
	at org.eclipse.jgit.api.AddCommand.call(AddCommand.java:122) ~[appian-adm-versioning-client-2.5.26.jar:?]
	at com.appiancorp.ps.automatedversioning.GitObject.commit(GitObject.java:164) ~[appian-adm-versioning-client-2.5.26.jar:?]
	at com.appiancorp.ps.automatedversioning.GitObject.initializeEmptyGitRepo(GitObject.java:521) ~[appian-adm-versioning-client-2.5.26.jar:?]
	at com.appiancorp.ps.automatedversioning.GitObject.gitPull(GitObject.java:531) ~[appian-adm-versioning-client-2.5.26.jar:?]
	at com.appiancorp.ps.automatedversioning.GitObject.update(GitObject.java:137) ~[appian-adm-versioning-client-2.5.26.jar:?]
	at com.appiancorp.ps.automatedversioning.VCSAndBuildController.addContents(VCSAndBuildController.java:59) ~[appian-adm-versioning-client-2.5.26.jar:?]
	at com.appiancorp.ps.automatedversioning.AutomatedVersioningManager.main(AutomatedVersioningManager.java:154) [appian-adm-versioning-client-2.5.26.jar:?]
2023-06-23 16:30:46,458 [main] ERROR com.appiancorp.ps.automatedversioning.AutomatedVersioningManager - There was an error completing the selected operation. Additional details will be logged.
2023-06-23 16:30:46,459 [main] ERROR com.appiancorp.ps.automatedversioning.AutomatedVersioningManager - Details of error: 
org.eclipse.jgit.errors.NoWorkTreeException: Bare Repository has neither a working tree, nor an index
	at org.eclipse.jgit.lib.Repository.getIndexFile(Repository.java:1200) ~[appian-adm-versioning-client-2.5.26.jar:?]
	at org.eclipse.jgit.dircache.DirCache.lock(DirCache.java:258) ~[appian-adm-versioning-client-2.5.26.jar:?]
	at org.eclipse.jgit.lib.Repository.lockDirCache(Repository.java:1282) ~[appian-adm-versioning-client-2.5.26.jar:?]
	at org.eclipse.jgit.api.AddCommand.call(AddCommand.java:122) ~[appian-adm-versioning-client-2.5.26.jar:?]
	at com.appiancorp.ps.automatedversioning.GitObject.commit(GitObject.java:164) ~[appian-adm-versioning-client-2.5.26.jar:?]
	at com.appiancorp.ps.automatedversioning.GitObject.initializeEmptyGitRepo(GitObject.java:521) ~[appian-adm-versioning-client-2.5.26.jar:?]
	at com.appiancorp.ps.automatedversioning.GitObject.gitPull(GitObject.java:531) ~[appian-adm-versioning-client-2.5.26.jar:?]
	at com.appiancorp.ps.automatedversioning.GitObject.update(GitObject.java:137) ~[appian-adm-versioning-client-2.5.26.jar:?]
	at com.appiancorp.ps.automatedversioning.VCSAndBuildController.addContents(VCSAndBuildController.java:59) ~[appian-adm-versioning-client-2.5.26.jar:?]
	at com.appiancorp.ps.automatedversioning.AutomatedVersioningManager.main(AutomatedVersioningManager.java:154) [appian-adm-versioning-client-2.5.26.jar:?]
2023-06-23 16:40:53,504 [main] ERROR com.appiancorp.ps.automatedversioning.AutomatedVersioningManager - There was an error completing the selected operation. Additional details will be logged.
2023-06-23 16:40:53,506 [main] ERROR com.appiancorp.ps.automatedversioning.AutomatedVersioningManager - Details of error: 
org.eclipse.jgit.errors.NoWorkTreeException: Bare Repository has neither a working tree, nor an index
	at org.eclipse.jgit.lib.Repository.getIndexFile(Repository.java:1200) ~[appian-adm-versioning-client-2.5.26.jar:?]
	at org.eclipse.jgit.dircache.DirCache.lock(DirCache.java:258) ~[appian-adm-versioning-client-2.5.26.jar:?]
	at org.eclipse.jgit.lib.Repository.lockDirCache(Repository.java:1282) ~[appian-adm-versioning-client-2.5.26.jar:?]
	at org.eclipse.jgit.api.AddCommand.call(AddCommand.java:122) ~[appian-adm-versioning-client-2.5.26.jar:?]
	at com.appiancorp.ps.automatedversioning.GitObject.commit(GitObject.java:164) ~[appian-adm-versioning-client-2.5.26.jar:?]
	at com.appiancorp.ps.automatedversioning.GitObject.initializeEmptyGitRepo(GitObject.java:521) ~[appian-adm-versioning-client-2.5.26.jar:?]
	at com.appiancorp.ps.automatedversioning.GitObject.gitPull(GitObject.java:531) ~[appian-adm-versioning-client-2.5.26.jar:?]
	at com.appiancorp.ps.automatedversioning.GitObject.update(GitObject.java:137) ~[appian-adm-versioning-client-2.5.26.jar:?]
	at com.appiancorp.ps.automatedversioning.VCSAndBuildController.addContents(VCSAndBuildController.java:59) ~[appian-adm-versioning-client-2.5.26.jar:?]
	at com.appiancorp.ps.automatedversioning.AutomatedVersioningManager.main(AutomatedVersioningManager.java:154) [appian-adm-versioning-client-2.5.26.jar:?]
2023-06-23 16:44:13,868 [main] ERROR com.appiancorp.ps.automatedversioning.AutomatedVersioningManager - There was an error completing the selected operation. Additional details will be logged.
2023-06-23 16:44:13,870 [main] ERROR com.appiancorp.ps.automatedversioning.AutomatedVersioningManager - Details of error: 
org.eclipse.jgit.errors.NoWorkTreeException: Bare Repository has neither a working tree, nor an index
	at org.eclipse.jgit.lib.Repository.getIndexFile(Repository.java:1200) ~[appian-adm-versioning-client-2.5.26.jar:?]
	at org.eclipse.jgit.dircache.DirCache.lock(DirCache.java:258) ~[appian-adm-versioning-client-2.5.26.jar:?]
	at org.eclipse.jgit.lib.Repository.lockDirCache(Repository.java:1282) ~[appian-adm-versioning-client-2.5.26.jar:?]
	at org.eclipse.jgit.api.AddCommand.call(AddCommand.java:122) ~[appian-adm-versioning-client-2.5.26.jar:?]
	at com.appiancorp.ps.automatedversioning.GitObject.commit(GitObject.java:164) ~[appian-adm-versioning-client-2.5.26.jar:?]
	at com.appiancorp.ps.automatedversioning.GitObject.initializeEmptyGitRepo(GitObject.java:521) ~[appian-adm-versioning-client-2.5.26.jar:?]
	at com.appiancorp.ps.automatedversioning.GitObject.gitPull(GitObject.java:531) ~[appian-adm-versioning-client-2.5.26.jar:?]
	at com.appiancorp.ps.automatedversioning.GitObject.update(GitObject.java:137) ~[appian-adm-versioning-client-2.5.26.jar:?]
	at com.appiancorp.ps.automatedversioning.VCSAndBuildController.addContents(VCSAndBuildController.java:59) ~[appian-adm-versioning-client-2.5.26.jar:?]
	at com.appiancorp.ps.automatedversioning.AutomatedVersioningManager.main(AutomatedVersioningManager.java:154) [appian-adm-versioning-client-2.5.26.jar:?]
2023-06-23 16:47:09,399 [main] ERROR com.appiancorp.ps.automatedversioning.AutomatedVersioningManager - There was an error completing the selected operation. Additional details will be logged.
2023-06-23 16:47:09,400 [main] ERROR com.appiancorp.ps.automatedversioning.AutomatedVersioningManager - Details of error: 
org.eclipse.jgit.errors.NoWorkTreeException: Bare Repository has neither a working tree, nor an index
	at org.eclipse.jgit.lib.Repository.getIndexFile(Repository.java:1200) ~[appian-adm-versioning-client-2.5.26.jar:?]
	at org.eclipse.jgit.dircache.DirCache.lock(DirCache.java:258) ~[appian-adm-versioning-client-2.5.26.jar:?]
	at org.eclipse.jgit.lib.Repository.lockDirCache(Repository.java:1282) ~[appian-adm-versioning-client-2.5.26.jar:?]
	at org.eclipse.jgit.api.AddCommand.call(AddCommand.java:122) ~[appian-adm-versioning-client-2.5.26.jar:?]
	at com.appiancorp.ps.automatedversioning.GitObject.commit(GitObject.java:164) ~[appian-adm-versioning-client-2.5.26.jar:?]
	at com.appiancorp.ps.automatedversioning.GitObject.initializeEmptyGitRepo(GitObject.java:521) ~[appian-adm-versioning-client-2.5.26.jar:?]
	at com.appiancorp.ps.automatedversioning.GitObject.gitPull(GitObject.java:531) ~[appian-adm-versioning-client-2.5.26.jar:?]
	at com.appiancorp.ps.automatedversioning.GitObject.update(GitObject.java:137) ~[appian-adm-versioning-client-2.5.26.jar:?]
	at com.appiancorp.ps.automatedversioning.VCSAndBuildController.addContents(VCSAndBuildController.java:59) ~[appian-adm-versioning-client-2.5.26.jar:?]
	at com.appiancorp.ps.automatedversioning.AutomatedVersioningManager.main(AutomatedVersioningManager.java:154) [appian-adm-versioning-client-2.5.26.jar:?]
2023-06-23 16:50:54,578 [main] ERROR com.appiancorp.ps.automatedversioning.AutomatedVersioningManager - There was an error completing the selected operation. Additional details will be logged.
2023-06-23 16:50:54,580 [main] ERROR com.appiancorp.ps.automatedversioning.AutomatedVersioningManager - Details of error: 
org.eclipse.jgit.errors.NoWorkTreeException: Bare Repository has neither a working tree, nor an index
	at org.eclipse.jgit.lib.Repository.getIndexFile(Repository.java:1200) ~[appian-adm-versioning-client-2.5.26.jar:?]
	at org.eclipse.jgit.dircache.DirCache.lock(DirCache.java:258) ~[appian-adm-versioning-client-2.5.26.jar:?]
	at org.eclipse.jgit.lib.Repository.lockDirCache(Repository.java:1282) ~[appian-adm-versioning-client-2.5.26.jar:?]
	at org.eclipse.jgit.api.AddCommand.call(AddCommand.java:122) ~[appian-adm-versioning-client-2.5.26.jar:?]
	at com.appiancorp.ps.automatedversioning.GitObject.commit(GitObject.java:164) ~[appian-adm-versioning-client-2.5.26.jar:?]
	at com.appiancorp.ps.automatedversioning.GitObject.initializeEmptyGitRepo(GitObject.java:521) ~[appian-adm-versioning-client-2.5.26.jar:?]
	at com.appiancorp.ps.automatedversioning.GitObject.gitPull(GitObject.java:531) ~[appian-adm-versioning-client-2.5.26.jar:?]
	at com.appiancorp.ps.automatedversioning.GitObject.update(GitObject.java:137) ~[appian-adm-versioning-client-2.5.26.jar:?]
	at com.appiancorp.ps.automatedversioning.VCSAndBuildController.addContents(VCSAndBuildController.java:59) ~[appian-adm-versioning-client-2.5.26.jar:?]
	at com.appiancorp.ps.automatedversioning.AutomatedVersioningManager.main(AutomatedVersioningManager.java:154) [appian-adm-versioning-client-2.5.26.jar:?]
2023-06-23 16:56:48,119 [main] ERROR com.appiancorp.ps.automatedversioning.AutomatedVersioningManager - There was an error completing the selected operation. Additional details will be logged.
2023-06-23 16:56:48,121 [main] ERROR com.appiancorp.ps.automatedversioning.AutomatedVersioningManager - Details of error: 
org.eclipse.jgit.errors.NoWorkTreeException: Bare Repository has neither a working tree, nor an index
	at org.eclipse.jgit.lib.Repository.getIndexFile(Repository.java:1200) ~[appian-adm-versioning-client-2.5.26.jar:?]
	at org.eclipse.jgit.dircache.DirCache.lock(DirCache.java:258) ~[appian-adm-versioning-client-2.5.26.jar:?]
	at org.eclipse.jgit.lib.Repository.lockDirCache(Repository.java:1282) ~[appian-adm-versioning-client-2.5.26.jar:?]
	at org.eclipse.jgit.api.AddCommand.call(AddCommand.java:122) ~[appian-adm-versioning-client-2.5.26.jar:?]
	at com.appiancorp.ps.automatedversioning.GitObject.commit(GitObject.java:164) ~[appian-adm-versioning-client-2.5.26.jar:?]
	at com.appiancorp.ps.automatedversioning.GitObject.initializeEmptyGitRepo(GitObject.java:521) ~[appian-adm-versioning-client-2.5.26.jar:?]
	at com.appiancorp.ps.automatedversioning.GitObject.gitPull(GitObject.java:531) ~[appian-adm-versioning-client-2.5.26.jar:?]
	at com.appiancorp.ps.automatedversioning.GitObject.update(GitObject.java:137) ~[appian-adm-versioning-client-2.5.26.jar:?]
	at com.appiancorp.ps.automatedversioning.VCSAndBuildController.addContents(VCSAndBuildController.java:59) ~[appian-adm-versioning-client-2.5.26.jar:?]
	at com.appiancorp.ps.automatedversioning.AutomatedVersioningManager.main(AutomatedVersioningManager.java:154) [appian-adm-versioning-client-2.5.26.jar:?]
2023-06-23 19:45:45,581 [main] ERROR com.appiancorp.ps.automatedversioning.AutomatedVersioningManager - There was an error completing the selected operation. Additional details will be logged.
2023-06-23 19:45:45,583 [main] ERROR com.appiancorp.ps.automatedversioning.AutomatedVersioningManager - Details of error: 
org.eclipse.jgit.errors.NoWorkTreeException: Bare Repository has neither a working tree, nor an index
	at org.eclipse.jgit.lib.Repository.getIndexFile(Repository.java:1200) ~[appian-adm-versioning-client-2.5.26.jar:?]
	at org.eclipse.jgit.dircache.DirCache.lock(DirCache.java:258) ~[appian-adm-versioning-client-2.5.26.jar:?]
	at org.eclipse.jgit.lib.Repository.lockDirCache(Repository.java:1282) ~[appian-adm-versioning-client-2.5.26.jar:?]
	at org.eclipse.jgit.api.AddCommand.call(AddCommand.java:122) ~[appian-adm-versioning-client-2.5.26.jar:?]
	at com.appiancorp.ps.automatedversioning.GitObject.commit(GitObject.java:164) ~[appian-adm-versioning-client-2.5.26.jar:?]
	at com.appiancorp.ps.automatedversioning.GitObject.initializeEmptyGitRepo(GitObject.java:521) ~[appian-adm-versioning-client-2.5.26.jar:?]
	at com.appiancorp.ps.automatedversioning.GitObject.gitPull(GitObject.java:531) ~[appian-adm-versioning-client-2.5.26.jar:?]
	at com.appiancorp.ps.automatedversioning.GitObject.update(GitObject.java:137) ~[appian-adm-versioning-client-2.5.26.jar:?]
	at com.appiancorp.ps.automatedversioning.VCSAndBuildController.addContents(VCSAndBuildController.java:59) ~[appian-adm-versioning-client-2.5.26.jar:?]
	at com.appiancorp.ps.automatedversioning.AutomatedVersioningManager.main(AutomatedVersioningManager.java:154) [appian-adm-versioning-client-2.5.26.jar:?]
2023-06-23 19:47:41,443 [main] ERROR com.appiancorp.ps.automatedversioning.AutomatedVersioningManager - There was an error completing the selected operation. Additional details will be logged.
2023-06-23 19:47:41,445 [main] ERROR com.appiancorp.ps.automatedversioning.AutomatedVersioningManager - Details of error: 
org.eclipse.jgit.api.errors.TransportException: https://github.com/darderius/appian.git: not authorized
	at org.eclipse.jgit.api.PushCommand.call(PushCommand.java:147) ~[appian-adm-versioning-client-2.5.26.jar:?]
	at com.appiancorp.ps.automatedversioning.GitObject.gitPush(GitObject.java:228) ~[appian-adm-versioning-client-2.5.26.jar:?]
	at com.appiancorp.ps.automatedversioning.GitObject.commit(GitObject.java:173) ~[appian-adm-versioning-client-2.5.26.jar:?]
	at com.appiancorp.ps.automatedversioning.GitObject.commit(GitObject.java:143) ~[appian-adm-versioning-client-2.5.26.jar:?]
	at com.appiancorp.ps.automatedversioning.VCSAndBuildController.addContents(VCSAndBuildController.java:178) ~[appian-adm-versioning-client-2.5.26.jar:?]
	at com.appiancorp.ps.automatedversioning.AutomatedVersioningManager.main(AutomatedVersioningManager.java:154) [appian-adm-versioning-client-2.5.26.jar:?]
Caused by: org.eclipse.jgit.errors.TransportException: https://github.com/darderius/appian.git: not authorized
	at org.eclipse.jgit.transport.TransportHttp.connect(TransportHttp.java:685) ~[appian-adm-versioning-client-2.5.26.jar:?]
	at org.eclipse.jgit.transport.TransportHttp.connect(TransportHttp.java:627) ~[appian-adm-versioning-client-2.5.26.jar:?]
	at org.eclipse.jgit.transport.TransportHttp.openPush(TransportHttp.java:541) ~[appian-adm-versioning-client-2.5.26.jar:?]
	at org.eclipse.jgit.transport.PushProcess.execute(PushProcess.java:127) ~[appian-adm-versioning-client-2.5.26.jar:?]
	at org.eclipse.jgit.transport.Transport.push(Transport.java:1384) ~[appian-adm-versioning-client-2.5.26.jar:?]
	at org.eclipse.jgit.api.PushCommand.call(PushCommand.java:137) ~[appian-adm-versioning-client-2.5.26.jar:?]
	... 5 more
2023-06-23 19:51:17,353 [main] ERROR com.appiancorp.ps.automatedversioning.AutomatedVersioningManager - There was an error completing the selected operation. Additional details will be logged.
2023-06-23 19:51:17,354 [main] ERROR com.appiancorp.ps.automatedversioning.AutomatedVersioningManager - Details of error: 
org.eclipse.jgit.errors.NoWorkTreeException: Bare Repository has neither a working tree, nor an index
	at org.eclipse.jgit.lib.Repository.getIndexFile(Repository.java:1200) ~[appian-adm-versioning-client-2.5.26.jar:?]
	at org.eclipse.jgit.dircache.DirCache.lock(DirCache.java:258) ~[appian-adm-versioning-client-2.5.26.jar:?]
	at org.eclipse.jgit.lib.Repository.lockDirCache(Repository.java:1282) ~[appian-adm-versioning-client-2.5.26.jar:?]
	at org.eclipse.jgit.api.AddCommand.call(AddCommand.java:122) ~[appian-adm-versioning-client-2.5.26.jar:?]
	at com.appiancorp.ps.automatedversioning.GitObject.commit(GitObject.java:164) ~[appian-adm-versioning-client-2.5.26.jar:?]
	at com.appiancorp.ps.automatedversioning.GitObject.initializeEmptyGitRepo(GitObject.java:521) ~[appian-adm-versioning-client-2.5.26.jar:?]
	at com.appiancorp.ps.automatedversioning.GitObject.gitPull(GitObject.java:531) ~[appian-adm-versioning-client-2.5.26.jar:?]
	at com.appiancorp.ps.automatedversioning.GitObject.update(GitObject.java:137) ~[appian-adm-versioning-client-2.5.26.jar:?]
	at com.appiancorp.ps.automatedversioning.VCSAndBuildController.addContents(VCSAndBuildController.java:59) ~[appian-adm-versioning-client-2.5.26.jar:?]
	at com.appiancorp.ps.automatedversioning.AutomatedVersioningManager.main(AutomatedVersioningManager.java:154) [appian-adm-versioning-client-2.5.26.jar:?]
2023-06-23 19:53:43,346 [main] ERROR com.appiancorp.ps.automatedversioning.AutomatedVersioningManager - There was an error completing the selected operation. Additional details will be logged.
2023-06-23 19:53:43,348 [main] ERROR com.appiancorp.ps.automatedversioning.AutomatedVersioningManager - Details of error: 
org.eclipse.jgit.errors.NoWorkTreeException: Bare Repository has neither a working tree, nor an index
	at org.eclipse.jgit.lib.Repository.getIndexFile(Repository.java:1200) ~[appian-adm-versioning-client-2.5.26.jar:?]
	at org.eclipse.jgit.dircache.DirCache.lock(DirCache.java:258) ~[appian-adm-versioning-client-2.5.26.jar:?]
	at org.eclipse.jgit.lib.Repository.lockDirCache(Repository.java:1282) ~[appian-adm-versioning-client-2.5.26.jar:?]
	at org.eclipse.jgit.api.AddCommand.call(AddCommand.java:122) ~[appian-adm-versioning-client-2.5.26.jar:?]
	at com.appiancorp.ps.automatedversioning.GitObject.commit(GitObject.java:164) ~[appian-adm-versioning-client-2.5.26.jar:?]
	at com.appiancorp.ps.automatedversioning.GitObject.initializeEmptyGitRepo(GitObject.java:521) ~[appian-adm-versioning-client-2.5.26.jar:?]
	at com.appiancorp.ps.automatedversioning.GitObject.gitPull(GitObject.java:531) ~[appian-adm-versioning-client-2.5.26.jar:?]
	at com.appiancorp.ps.automatedversioning.GitObject.update(GitObject.java:137) ~[appian-adm-versioning-client-2.5.26.jar:?]
	at com.appiancorp.ps.automatedversioning.VCSAndBuildController.addContents(VCSAndBuildController.java:59) ~[appian-adm-versioning-client-2.5.26.jar:?]
	at com.appiancorp.ps.automatedversioning.AutomatedVersioningManager.main(AutomatedVersioningManager.java:154) [appian-adm-versioning-client-2.5.26.jar:?]
2023-06-23 19:59:27,208 [main] ERROR com.appiancorp.ps.automatedversioning.AutomatedVersioningManager - There was an error completing the selected operation. Additional details will be logged.
2023-06-23 19:59:27,210 [main] ERROR com.appiancorp.ps.automatedversioning.AutomatedVersioningManager - Details of error: 
org.eclipse.jgit.api.errors.TransportException: https://github.com/darderius/appian.git: not authorized
	at org.eclipse.jgit.api.PushCommand.call(PushCommand.java:147) ~[appian-adm-versioning-client-2.5.26.jar:?]
	at com.appiancorp.ps.automatedversioning.GitObject.gitPush(GitObject.java:228) ~[appian-adm-versioning-client-2.5.26.jar:?]
	at com.appiancorp.ps.automatedversioning.GitObject.commit(GitObject.java:173) ~[appian-adm-versioning-client-2.5.26.jar:?]
	at com.appiancorp.ps.automatedversioning.GitObject.commit(GitObject.java:143) ~[appian-adm-versioning-client-2.5.26.jar:?]
	at com.appiancorp.ps.automatedversioning.VCSAndBuildController.addContents(VCSAndBuildController.java:178) ~[appian-adm-versioning-client-2.5.26.jar:?]
	at com.appiancorp.ps.automatedversioning.AutomatedVersioningManager.main(AutomatedVersioningManager.java:154) [appian-adm-versioning-client-2.5.26.jar:?]
Caused by: org.eclipse.jgit.errors.TransportException: https://github.com/darderius/appian.git: not authorized
	at org.eclipse.jgit.transport.TransportHttp.connect(TransportHttp.java:685) ~[appian-adm-versioning-client-2.5.26.jar:?]
	at org.eclipse.jgit.transport.TransportHttp.connect(TransportHttp.java:627) ~[appian-adm-versioning-client-2.5.26.jar:?]
	at org.eclipse.jgit.transport.TransportHttp.openPush(TransportHttp.java:541) ~[appian-adm-versioning-client-2.5.26.jar:?]
	at org.eclipse.jgit.transport.PushProcess.execute(PushProcess.java:127) ~[appian-adm-versioning-client-2.5.26.jar:?]
	at org.eclipse.jgit.transport.Transport.push(Transport.java:1384) ~[appian-adm-versioning-client-2.5.26.jar:?]
	at org.eclipse.jgit.api.PushCommand.call(PushCommand.java:137) ~[appian-adm-versioning-client-2.5.26.jar:?]
	... 5 more
2023-06-23 20:06:02,534 [main] ERROR com.appiancorp.ps.automatedversioning.AutomatedVersioningManager - There was an error completing the selected operation. Additional details will be logged.
2023-06-23 20:06:02,537 [main] ERROR com.appiancorp.ps.automatedversioning.AutomatedVersioningManager - Details of error: 
org.eclipse.jgit.api.errors.TransportException: https://github.com/darderius/appian.git: not authorized
	at org.eclipse.jgit.api.PushCommand.call(PushCommand.java:147) ~[appian-adm-versioning-client-2.5.26.jar:?]
	at com.appiancorp.ps.automatedversioning.GitObject.gitPush(GitObject.java:228) ~[appian-adm-versioning-client-2.5.26.jar:?]
	at com.appiancorp.ps.automatedversioning.GitObject.commit(GitObject.java:173) ~[appian-adm-versioning-client-2.5.26.jar:?]
	at com.appiancorp.ps.automatedversioning.GitObject.commit(GitObject.java:143) ~[appian-adm-versioning-client-2.5.26.jar:?]
	at com.appiancorp.ps.automatedversioning.VCSAndBuildController.addContents(VCSAndBuildController.java:178) ~[appian-adm-versioning-client-2.5.26.jar:?]
	at com.appiancorp.ps.automatedversioning.AutomatedVersioningManager.main(AutomatedVersioningManager.java:154) [appian-adm-versioning-client-2.5.26.jar:?]
Caused by: org.eclipse.jgit.errors.TransportException: https://github.com/darderius/appian.git: not authorized
	at org.eclipse.jgit.transport.TransportHttp.connect(TransportHttp.java:685) ~[appian-adm-versioning-client-2.5.26.jar:?]
	at org.eclipse.jgit.transport.TransportHttp.connect(TransportHttp.java:627) ~[appian-adm-versioning-client-2.5.26.jar:?]
	at org.eclipse.jgit.transport.TransportHttp.openPush(TransportHttp.java:541) ~[appian-adm-versioning-client-2.5.26.jar:?]
	at org.eclipse.jgit.transport.PushProcess.execute(PushProcess.java:127) ~[appian-adm-versioning-client-2.5.26.jar:?]
	at org.eclipse.jgit.transport.Transport.push(Transport.java:1384) ~[appian-adm-versioning-client-2.5.26.jar:?]
	at org.eclipse.jgit.api.PushCommand.call(PushCommand.java:137) ~[appian-adm-versioning-client-2.5.26.jar:?]
	... 5 more
2023-06-23 20:29:32,173 [main] ERROR com.appiancorp.ps.automatedversioning.AutomatedVersioningManager - There was an error completing the selected operation. Additional details will be logged.
2023-06-23 20:29:32,176 [main] ERROR com.appiancorp.ps.automatedversioning.AutomatedVersioningManager - Details of error: 
org.eclipse.jgit.api.errors.TransportException: https://github.com/darderius/appian.git: not authorized
	at org.eclipse.jgit.api.PushCommand.call(PushCommand.java:147) ~[appian-adm-versioning-client-2.5.26.jar:?]
	at com.appiancorp.ps.automatedversioning.GitObject.gitPush(GitObject.java:228) ~[appian-adm-versioning-client-2.5.26.jar:?]
	at com.appiancorp.ps.automatedversioning.GitObject.commit(GitObject.java:173) ~[appian-adm-versioning-client-2.5.26.jar:?]
	at com.appiancorp.ps.automatedversioning.GitObject.commit(GitObject.java:143) ~[appian-adm-versioning-client-2.5.26.jar:?]
	at com.appiancorp.ps.automatedversioning.VCSAndBuildController.addContents(VCSAndBuildController.java:178) ~[appian-adm-versioning-client-2.5.26.jar:?]
	at com.appiancorp.ps.automatedversioning.AutomatedVersioningManager.main(AutomatedVersioningManager.java:154) [appian-adm-versioning-client-2.5.26.jar:?]
Caused by: org.eclipse.jgit.errors.TransportException: https://github.com/darderius/appian.git: not authorized
	at org.eclipse.jgit.transport.TransportHttp.connect(TransportHttp.java:685) ~[appian-adm-versioning-client-2.5.26.jar:?]
	at org.eclipse.jgit.transport.TransportHttp.connect(TransportHttp.java:627) ~[appian-adm-versioning-client-2.5.26.jar:?]
	at org.eclipse.jgit.transport.TransportHttp.openPush(TransportHttp.java:541) ~[appian-adm-versioning-client-2.5.26.jar:?]
	at org.eclipse.jgit.transport.PushProcess.execute(PushProcess.java:127) ~[appian-adm-versioning-client-2.5.26.jar:?]
	at org.eclipse.jgit.transport.Transport.push(Transport.java:1384) ~[appian-adm-versioning-client-2.5.26.jar:?]
	at org.eclipse.jgit.api.PushCommand.call(PushCommand.java:137) ~[appian-adm-versioning-client-2.5.26.jar:?]
	... 5 more
2023-06-26 09:12:29,293 [main] ERROR com.appiancorp.ps.automatedversioning.AutomatedVersioningManager - There was an error completing the selected operation. Additional details will be logged.
2023-06-26 09:12:29,296 [main] ERROR com.appiancorp.ps.automatedversioning.AutomatedVersioningManager - Details of error: 
org.eclipse.jgit.api.errors.TransportException: https://github.com/darderius/appian.git: not authorized
	at org.eclipse.jgit.api.PushCommand.call(PushCommand.java:147) ~[appian-adm-versioning-client-2.5.26.jar:?]
	at com.appiancorp.ps.automatedversioning.GitObject.gitPush(GitObject.java:228) ~[appian-adm-versioning-client-2.5.26.jar:?]
	at com.appiancorp.ps.automatedversioning.GitObject.commit(GitObject.java:173) ~[appian-adm-versioning-client-2.5.26.jar:?]
	at com.appiancorp.ps.automatedversioning.GitObject.commit(GitObject.java:143) ~[appian-adm-versioning-client-2.5.26.jar:?]
	at com.appiancorp.ps.automatedversioning.VCSAndBuildController.addContents(VCSAndBuildController.java:178) ~[appian-adm-versioning-client-2.5.26.jar:?]
	at com.appiancorp.ps.automatedversioning.AutomatedVersioningManager.main(AutomatedVersioningManager.java:154) [appian-adm-versioning-client-2.5.26.jar:?]
Caused by: org.eclipse.jgit.errors.TransportException: https://github.com/darderius/appian.git: not authorized
	at org.eclipse.jgit.transport.TransportHttp.connect(TransportHttp.java:685) ~[appian-adm-versioning-client-2.5.26.jar:?]
	at org.eclipse.jgit.transport.TransportHttp.connect(TransportHttp.java:627) ~[appian-adm-versioning-client-2.5.26.jar:?]
	at org.eclipse.jgit.transport.TransportHttp.openPush(TransportHttp.java:541) ~[appian-adm-versioning-client-2.5.26.jar:?]
	at org.eclipse.jgit.transport.PushProcess.execute(PushProcess.java:127) ~[appian-adm-versioning-client-2.5.26.jar:?]
	at org.eclipse.jgit.transport.Transport.push(Transport.java:1384) ~[appian-adm-versioning-client-2.5.26.jar:?]
	at org.eclipse.jgit.api.PushCommand.call(PushCommand.java:137) ~[appian-adm-versioning-client-2.5.26.jar:?]
	... 5 more
2023-06-26 09:12:44,629 [main] ERROR com.appiancorp.ps.automatedversioning.AutomatedVersioningManager - There was an error completing the selected operation. Additional details will be logged.
2023-06-26 09:12:44,633 [main] ERROR com.appiancorp.ps.automatedversioning.AutomatedVersioningManager - Details of error: 
org.eclipse.jgit.api.errors.TransportException: https://github.com/darderius/appian.git: not authorized
	at org.eclipse.jgit.api.PushCommand.call(PushCommand.java:147) ~[appian-adm-versioning-client-2.5.26.jar:?]
	at com.appiancorp.ps.automatedversioning.GitObject.gitPush(GitObject.java:228) ~[appian-adm-versioning-client-2.5.26.jar:?]
	at com.appiancorp.ps.automatedversioning.GitObject.commit(GitObject.java:173) ~[appian-adm-versioning-client-2.5.26.jar:?]
	at com.appiancorp.ps.automatedversioning.GitObject.commit(GitObject.java:143) ~[appian-adm-versioning-client-2.5.26.jar:?]
	at com.appiancorp.ps.automatedversioning.VCSAndBuildController.addContents(VCSAndBuildController.java:178) ~[appian-adm-versioning-client-2.5.26.jar:?]
	at com.appiancorp.ps.automatedversioning.AutomatedVersioningManager.main(AutomatedVersioningManager.java:154) [appian-adm-versioning-client-2.5.26.jar:?]
Caused by: org.eclipse.jgit.errors.TransportException: https://github.com/darderius/appian.git: not authorized
	at org.eclipse.jgit.transport.TransportHttp.connect(TransportHttp.java:685) ~[appian-adm-versioning-client-2.5.26.jar:?]
	at org.eclipse.jgit.transport.TransportHttp.connect(TransportHttp.java:627) ~[appian-adm-versioning-client-2.5.26.jar:?]
	at org.eclipse.jgit.transport.TransportHttp.openPush(TransportHttp.java:541) ~[appian-adm-versioning-client-2.5.26.jar:?]
	at org.eclipse.jgit.transport.PushProcess.execute(PushProcess.java:127) ~[appian-adm-versioning-client-2.5.26.jar:?]
	at org.eclipse.jgit.transport.Transport.push(Transport.java:1384) ~[appian-adm-versioning-client-2.5.26.jar:?]
	at org.eclipse.jgit.api.PushCommand.call(PushCommand.java:137) ~[appian-adm-versioning-client-2.5.26.jar:?]
	... 5 more
2023-06-26 09:42:09,091 [main] ERROR com.appiancorp.ps.automatedversioning.AutomatedVersioningManager - There was an error completing the selected operation. Additional details will be logged.
2023-06-26 09:42:09,093 [main] ERROR com.appiancorp.ps.automatedversioning.AutomatedVersioningManager - Details of error: 
org.eclipse.jgit.api.errors.TransportException: https://github.com/darderius/appian.git: not authorized
	at org.eclipse.jgit.api.PushCommand.call(PushCommand.java:147) ~[appian-adm-versioning-client-2.5.26.jar:?]
	at com.appiancorp.ps.automatedversioning.GitObject.gitPush(GitObject.java:228) ~[appian-adm-versioning-client-2.5.26.jar:?]
	at com.appiancorp.ps.automatedversioning.GitObject.commit(GitObject.java:173) ~[appian-adm-versioning-client-2.5.26.jar:?]
	at com.appiancorp.ps.automatedversioning.GitObject.commit(GitObject.java:143) ~[appian-adm-versioning-client-2.5.26.jar:?]
	at com.appiancorp.ps.automatedversioning.VCSAndBuildController.addContents(VCSAndBuildController.java:178) ~[appian-adm-versioning-client-2.5.26.jar:?]
	at com.appiancorp.ps.automatedversioning.AutomatedVersioningManager.main(AutomatedVersioningManager.java:154) [appian-adm-versioning-client-2.5.26.jar:?]
Caused by: org.eclipse.jgit.errors.TransportException: https://github.com/darderius/appian.git: not authorized
	at org.eclipse.jgit.transport.TransportHttp.connect(TransportHttp.java:685) ~[appian-adm-versioning-client-2.5.26.jar:?]
	at org.eclipse.jgit.transport.TransportHttp.connect(TransportHttp.java:627) ~[appian-adm-versioning-client-2.5.26.jar:?]
	at org.eclipse.jgit.transport.TransportHttp.openPush(TransportHttp.java:541) ~[appian-adm-versioning-client-2.5.26.jar:?]
	at org.eclipse.jgit.transport.PushProcess.execute(PushProcess.java:127) ~[appian-adm-versioning-client-2.5.26.jar:?]
	at org.eclipse.jgit.transport.Transport.push(Transport.java:1384) ~[appian-adm-versioning-client-2.5.26.jar:?]
	at org.eclipse.jgit.api.PushCommand.call(PushCommand.java:137) ~[appian-adm-versioning-client-2.5.26.jar:?]
	... 5 more
2023-06-26 09:57:20,138 [main] ERROR com.appiancorp.ps.automatedversioning.AutomatedVersioningManager - There was an error completing the selected operation. Additional details will be logged.
2023-06-26 09:57:20,142 [main] ERROR com.appiancorp.ps.automatedversioning.AutomatedVersioningManager - Details of error: 
org.eclipse.jgit.api.errors.TransportException: https://github.com/darderius/appian.git: not authorized
	at org.eclipse.jgit.api.PushCommand.call(PushCommand.java:147) ~[appian-adm-versioning-client-2.5.26.jar:?]
	at com.appiancorp.ps.automatedversioning.GitObject.gitPush(GitObject.java:228) ~[appian-adm-versioning-client-2.5.26.jar:?]
	at com.appiancorp.ps.automatedversioning.GitObject.commit(GitObject.java:173) ~[appian-adm-versioning-client-2.5.26.jar:?]
	at com.appiancorp.ps.automatedversioning.GitObject.commit(GitObject.java:143) ~[appian-adm-versioning-client-2.5.26.jar:?]
	at com.appiancorp.ps.automatedversioning.VCSAndBuildController.addContents(VCSAndBuildController.java:178) ~[appian-adm-versioning-client-2.5.26.jar:?]
	at com.appiancorp.ps.automatedversioning.AutomatedVersioningManager.main(AutomatedVersioningManager.java:154) [appian-adm-versioning-client-2.5.26.jar:?]
Caused by: org.eclipse.jgit.errors.TransportException: https://github.com/darderius/appian.git: not authorized
	at org.eclipse.jgit.transport.TransportHttp.connect(TransportHttp.java:685) ~[appian-adm-versioning-client-2.5.26.jar:?]
	at org.eclipse.jgit.transport.TransportHttp.connect(TransportHttp.java:627) ~[appian-adm-versioning-client-2.5.26.jar:?]
	at org.eclipse.jgit.transport.TransportHttp.openPush(TransportHttp.java:541) ~[appian-adm-versioning-client-2.5.26.jar:?]
	at org.eclipse.jgit.transport.PushProcess.execute(PushProcess.java:127) ~[appian-adm-versioning-client-2.5.26.jar:?]
	at org.eclipse.jgit.transport.Transport.push(Transport.java:1384) ~[appian-adm-versioning-client-2.5.26.jar:?]
	at org.eclipse.jgit.api.PushCommand.call(PushCommand.java:137) ~[appian-adm-versioning-client-2.5.26.jar:?]
	... 5 more
2023-06-26 10:55:11,268 [main] ERROR com.appiancorp.ps.automatedversioning.AutomatedVersioningManager - There was an error completing the selected operation. Additional details will be logged.
2023-06-26 10:55:11,269 [main] ERROR com.appiancorp.ps.automatedversioning.AutomatedVersioningManager - Details of error: 
org.eclipse.jgit.api.errors.TransportException: https://github.com/darderius/appian.git: not authorized
	at org.eclipse.jgit.api.PushCommand.call(PushCommand.java:147) ~[appian-adm-versioning-client-2.5.26.jar:?]
	at com.appiancorp.ps.automatedversioning.GitObject.gitPush(GitObject.java:228) ~[appian-adm-versioning-client-2.5.26.jar:?]
	at com.appiancorp.ps.automatedversioning.GitObject.commit(GitObject.java:173) ~[appian-adm-versioning-client-2.5.26.jar:?]
	at com.appiancorp.ps.automatedversioning.GitObject.commit(GitObject.java:143) ~[appian-adm-versioning-client-2.5.26.jar:?]
	at com.appiancorp.ps.automatedversioning.VCSAndBuildController.addContents(VCSAndBuildController.java:178) ~[appian-adm-versioning-client-2.5.26.jar:?]
	at com.appiancorp.ps.automatedversioning.AutomatedVersioningManager.main(AutomatedVersioningManager.java:154) [appian-adm-versioning-client-2.5.26.jar:?]
Caused by: org.eclipse.jgit.errors.TransportException: https://github.com/darderius/appian.git: not authorized
	at org.eclipse.jgit.transport.TransportHttp.connect(TransportHttp.java:685) ~[appian-adm-versioning-client-2.5.26.jar:?]
	at org.eclipse.jgit.transport.TransportHttp.connect(TransportHttp.java:627) ~[appian-adm-versioning-client-2.5.26.jar:?]
	at org.eclipse.jgit.transport.TransportHttp.openPush(TransportHttp.java:541) ~[appian-adm-versioning-client-2.5.26.jar:?]
	at org.eclipse.jgit.transport.PushProcess.execute(PushProcess.java:127) ~[appian-adm-versioning-client-2.5.26.jar:?]
	at org.eclipse.jgit.transport.Transport.push(Transport.java:1384) ~[appian-adm-versioning-client-2.5.26.jar:?]
	at org.eclipse.jgit.api.PushCommand.call(PushCommand.java:137) ~[appian-adm-versioning-client-2.5.26.jar:?]
	... 5 more
2023-06-26 10:59:50,567 [main] ERROR com.appiancorp.ps.automatedversioning.AutomatedVersioningManager - There was an error completing the selected operation. Additional details will be logged.
2023-06-26 10:59:50,569 [main] ERROR com.appiancorp.ps.automatedversioning.AutomatedVersioningManager - Details of error: 
org.eclipse.jgit.api.errors.TransportException: https://github.com/darderius/appian.git: not authorized
	at org.eclipse.jgit.api.PushCommand.call(PushCommand.java:147) ~[appian-adm-versioning-client-2.5.26.jar:?]
	at com.appiancorp.ps.automatedversioning.GitObject.gitPush(GitObject.java:228) ~[appian-adm-versioning-client-2.5.26.jar:?]
	at com.appiancorp.ps.automatedversioning.GitObject.commit(GitObject.java:173) ~[appian-adm-versioning-client-2.5.26.jar:?]
	at com.appiancorp.ps.automatedversioning.GitObject.commit(GitObject.java:143) ~[appian-adm-versioning-client-2.5.26.jar:?]
	at com.appiancorp.ps.automatedversioning.VCSAndBuildController.addContents(VCSAndBuildController.java:178) ~[appian-adm-versioning-client-2.5.26.jar:?]
	at com.appiancorp.ps.automatedversioning.AutomatedVersioningManager.main(AutomatedVersioningManager.java:154) [appian-adm-versioning-client-2.5.26.jar:?]
Caused by: org.eclipse.jgit.errors.TransportException: https://github.com/darderius/appian.git: not authorized
	at org.eclipse.jgit.transport.TransportHttp.connect(TransportHttp.java:685) ~[appian-adm-versioning-client-2.5.26.jar:?]
	at org.eclipse.jgit.transport.TransportHttp.connect(TransportHttp.java:627) ~[appian-adm-versioning-client-2.5.26.jar:?]
	at org.eclipse.jgit.transport.TransportHttp.openPush(TransportHttp.java:541) ~[appian-adm-versioning-client-2.5.26.jar:?]
	at org.eclipse.jgit.transport.PushProcess.execute(PushProcess.java:127) ~[appian-adm-versioning-client-2.5.26.jar:?]
	at org.eclipse.jgit.transport.Transport.push(Transport.java:1384) ~[appian-adm-versioning-client-2.5.26.jar:?]
	at org.eclipse.jgit.api.PushCommand.call(PushCommand.java:137) ~[appian-adm-versioning-client-2.5.26.jar:?]
	... 5 more
2023-06-26 12:20:21,187 [main] ERROR com.appiancorp.ps.automatedversioning.AutomatedVersioningManager - There was an error completing the selected operation. Additional details will be logged.
2023-06-26 12:20:21,189 [main] ERROR com.appiancorp.ps.automatedversioning.AutomatedVersioningManager - Details of error: 
org.eclipse.jgit.api.errors.TransportException: https://github.com/darderius/appian.git: not authorized
	at org.eclipse.jgit.api.PushCommand.call(PushCommand.java:147) ~[appian-adm-versioning-client-2.5.26.jar:?]
	at com.appiancorp.ps.automatedversioning.GitObject.gitPush(GitObject.java:228) ~[appian-adm-versioning-client-2.5.26.jar:?]
	at com.appiancorp.ps.automatedversioning.GitObject.commit(GitObject.java:173) ~[appian-adm-versioning-client-2.5.26.jar:?]
	at com.appiancorp.ps.automatedversioning.GitObject.commit(GitObject.java:143) ~[appian-adm-versioning-client-2.5.26.jar:?]
	at com.appiancorp.ps.automatedversioning.VCSAndBuildController.addContents(VCSAndBuildController.java:178) ~[appian-adm-versioning-client-2.5.26.jar:?]
	at com.appiancorp.ps.automatedversioning.AutomatedVersioningManager.main(AutomatedVersioningManager.java:154) [appian-adm-versioning-client-2.5.26.jar:?]
Caused by: org.eclipse.jgit.errors.TransportException: https://github.com/darderius/appian.git: not authorized
	at org.eclipse.jgit.transport.TransportHttp.connect(TransportHttp.java:685) ~[appian-adm-versioning-client-2.5.26.jar:?]
	at org.eclipse.jgit.transport.TransportHttp.connect(TransportHttp.java:627) ~[appian-adm-versioning-client-2.5.26.jar:?]
	at org.eclipse.jgit.transport.TransportHttp.openPush(TransportHttp.java:541) ~[appian-adm-versioning-client-2.5.26.jar:?]
	at org.eclipse.jgit.transport.PushProcess.execute(PushProcess.java:127) ~[appian-adm-versioning-client-2.5.26.jar:?]
	at org.eclipse.jgit.transport.Transport.push(Transport.java:1384) ~[appian-adm-versioning-client-2.5.26.jar:?]
	at org.eclipse.jgit.api.PushCommand.call(PushCommand.java:137) ~[appian-adm-versioning-client-2.5.26.jar:?]
	... 5 more
2023-06-26 12:44:29,581 [main] ERROR com.appiancorp.ps.automatedversioning.AutomatedVersioningManager - There was an error completing the selected operation. Additional details will be logged.
2023-06-26 12:44:29,583 [main] ERROR com.appiancorp.ps.automatedversioning.AutomatedVersioningManager - Details of error: 
org.eclipse.jgit.api.errors.TransportException: https://github.com/darderius/appian.git: not authorized
	at org.eclipse.jgit.api.PushCommand.call(PushCommand.java:147) ~[appian-adm-versioning-client-2.5.26.jar:?]
	at com.appiancorp.ps.automatedversioning.GitObject.gitPush(GitObject.java:228) ~[appian-adm-versioning-client-2.5.26.jar:?]
	at com.appiancorp.ps.automatedversioning.GitObject.commit(GitObject.java:173) ~[appian-adm-versioning-client-2.5.26.jar:?]
	at com.appiancorp.ps.automatedversioning.GitObject.commit(GitObject.java:143) ~[appian-adm-versioning-client-2.5.26.jar:?]
	at com.appiancorp.ps.automatedversioning.VCSAndBuildController.addContents(VCSAndBuildController.java:178) ~[appian-adm-versioning-client-2.5.26.jar:?]
	at com.appiancorp.ps.automatedversioning.AutomatedVersioningManager.main(AutomatedVersioningManager.java:154) [appian-adm-versioning-client-2.5.26.jar:?]
Caused by: org.eclipse.jgit.errors.TransportException: https://github.com/darderius/appian.git: not authorized
	at org.eclipse.jgit.transport.TransportHttp.connect(TransportHttp.java:685) ~[appian-adm-versioning-client-2.5.26.jar:?]
	at org.eclipse.jgit.transport.TransportHttp.connect(TransportHttp.java:627) ~[appian-adm-versioning-client-2.5.26.jar:?]
	at org.eclipse.jgit.transport.TransportHttp.openPush(TransportHttp.java:541) ~[appian-adm-versioning-client-2.5.26.jar:?]
	at org.eclipse.jgit.transport.PushProcess.execute(PushProcess.java:127) ~[appian-adm-versioning-client-2.5.26.jar:?]
	at org.eclipse.jgit.transport.Transport.push(Transport.java:1384) ~[appian-adm-versioning-client-2.5.26.jar:?]
	at org.eclipse.jgit.api.PushCommand.call(PushCommand.java:137) ~[appian-adm-versioning-client-2.5.26.jar:?]
	... 5 more
2023-06-26 12:46:36,003 [main] ERROR com.appiancorp.ps.automatedversioning.AutomatedVersioningManager - There was an error completing the selected operation. Additional details will be logged.
2023-06-26 12:46:36,006 [main] ERROR com.appiancorp.ps.automatedversioning.AutomatedVersioningManager - Details of error: 
org.eclipse.jgit.api.errors.TransportException: https://github.com/darderius/appian.git: not authorized
	at org.eclipse.jgit.api.PushCommand.call(PushCommand.java:147) ~[appian-adm-versioning-client-2.5.26.jar:?]
	at com.appiancorp.ps.automatedversioning.GitObject.gitPush(GitObject.java:228) ~[appian-adm-versioning-client-2.5.26.jar:?]
	at com.appiancorp.ps.automatedversioning.GitObject.commit(GitObject.java:173) ~[appian-adm-versioning-client-2.5.26.jar:?]
	at com.appiancorp.ps.automatedversioning.GitObject.commit(GitObject.java:143) ~[appian-adm-versioning-client-2.5.26.jar:?]
	at com.appiancorp.ps.automatedversioning.VCSAndBuildController.addContents(VCSAndBuildController.java:178) ~[appian-adm-versioning-client-2.5.26.jar:?]
	at com.appiancorp.ps.automatedversioning.AutomatedVersioningManager.main(AutomatedVersioningManager.java:154) [appian-adm-versioning-client-2.5.26.jar:?]
Caused by: org.eclipse.jgit.errors.TransportException: https://github.com/darderius/appian.git: not authorized
	at org.eclipse.jgit.transport.TransportHttp.connect(TransportHttp.java:685) ~[appian-adm-versioning-client-2.5.26.jar:?]
	at org.eclipse.jgit.transport.TransportHttp.connect(TransportHttp.java:627) ~[appian-adm-versioning-client-2.5.26.jar:?]
	at org.eclipse.jgit.transport.TransportHttp.openPush(TransportHttp.java:541) ~[appian-adm-versioning-client-2.5.26.jar:?]
	at org.eclipse.jgit.transport.PushProcess.execute(PushProcess.java:127) ~[appian-adm-versioning-client-2.5.26.jar:?]
	at org.eclipse.jgit.transport.Transport.push(Transport.java:1384) ~[appian-adm-versioning-client-2.5.26.jar:?]
	at org.eclipse.jgit.api.PushCommand.call(PushCommand.java:137) ~[appian-adm-versioning-client-2.5.26.jar:?]
	... 5 more
2023-06-26 12:50:11,186 [main] ERROR com.appiancorp.ps.automatedversioning.AutomatedVersioningManager - There was an error completing the selected operation. Additional details will be logged.
2023-06-26 12:50:11,188 [main] ERROR com.appiancorp.ps.automatedversioning.AutomatedVersioningManager - Details of error: 
org.eclipse.jgit.api.errors.TransportException: https://github.com/darderius/appian.git: not authorized
	at org.eclipse.jgit.api.PushCommand.call(PushCommand.java:147) ~[appian-adm-versioning-client-2.5.26.jar:?]
	at com.appiancorp.ps.automatedversioning.GitObject.gitPush(GitObject.java:228) ~[appian-adm-versioning-client-2.5.26.jar:?]
	at com.appiancorp.ps.automatedversioning.GitObject.commit(GitObject.java:173) ~[appian-adm-versioning-client-2.5.26.jar:?]
	at com.appiancorp.ps.automatedversioning.GitObject.commit(GitObject.java:143) ~[appian-adm-versioning-client-2.5.26.jar:?]
	at com.appiancorp.ps.automatedversioning.VCSAndBuildController.addContents(VCSAndBuildController.java:178) ~[appian-adm-versioning-client-2.5.26.jar:?]
	at com.appiancorp.ps.automatedversioning.AutomatedVersioningManager.main(AutomatedVersioningManager.java:154) [appian-adm-versioning-client-2.5.26.jar:?]
Caused by: org.eclipse.jgit.errors.TransportException: https://github.com/darderius/appian.git: not authorized
	at org.eclipse.jgit.transport.TransportHttp.connect(TransportHttp.java:685) ~[appian-adm-versioning-client-2.5.26.jar:?]
	at org.eclipse.jgit.transport.TransportHttp.connect(TransportHttp.java:627) ~[appian-adm-versioning-client-2.5.26.jar:?]
	at org.eclipse.jgit.transport.TransportHttp.openPush(TransportHttp.java:541) ~[appian-adm-versioning-client-2.5.26.jar:?]
	at org.eclipse.jgit.transport.PushProcess.execute(PushProcess.java:127) ~[appian-adm-versioning-client-2.5.26.jar:?]
	at org.eclipse.jgit.transport.Transport.push(Transport.java:1384) ~[appian-adm-versioning-client-2.5.26.jar:?]
	at org.eclipse.jgit.api.PushCommand.call(PushCommand.java:137) ~[appian-adm-versioning-client-2.5.26.jar:?]
	... 5 more
2023-06-26 12:54:07,535 [main] ERROR com.appiancorp.ps.automatedversioning.AutomatedVersioningManager - There was an error completing the selected operation. Additional details will be logged.
2023-06-26 12:54:07,538 [main] ERROR com.appiancorp.ps.automatedversioning.AutomatedVersioningManager - Details of error: 
org.eclipse.jgit.api.errors.TransportException: https://github.com/darderius/appian.git: not authorized
	at org.eclipse.jgit.api.PushCommand.call(PushCommand.java:147) ~[appian-adm-versioning-client-2.5.26.jar:?]
	at com.appiancorp.ps.automatedversioning.GitObject.gitPush(GitObject.java:228) ~[appian-adm-versioning-client-2.5.26.jar:?]
	at com.appiancorp.ps.automatedversioning.GitObject.commit(GitObject.java:173) ~[appian-adm-versioning-client-2.5.26.jar:?]
	at com.appiancorp.ps.automatedversioning.GitObject.commit(GitObject.java:143) ~[appian-adm-versioning-client-2.5.26.jar:?]
	at com.appiancorp.ps.automatedversioning.VCSAndBuildController.addContents(VCSAndBuildController.java:178) ~[appian-adm-versioning-client-2.5.26.jar:?]
	at com.appiancorp.ps.automatedversioning.AutomatedVersioningManager.main(AutomatedVersioningManager.java:154) [appian-adm-versioning-client-2.5.26.jar:?]
Caused by: org.eclipse.jgit.errors.TransportException: https://github.com/darderius/appian.git: not authorized
	at org.eclipse.jgit.transport.TransportHttp.connect(TransportHttp.java:685) ~[appian-adm-versioning-client-2.5.26.jar:?]
	at org.eclipse.jgit.transport.TransportHttp.connect(TransportHttp.java:627) ~[appian-adm-versioning-client-2.5.26.jar:?]
	at org.eclipse.jgit.transport.TransportHttp.openPush(TransportHttp.java:541) ~[appian-adm-versioning-client-2.5.26.jar:?]
	at org.eclipse.jgit.transport.PushProcess.execute(PushProcess.java:127) ~[appian-adm-versioning-client-2.5.26.jar:?]
	at org.eclipse.jgit.transport.Transport.push(Transport.java:1384) ~[appian-adm-versioning-client-2.5.26.jar:?]
	at org.eclipse.jgit.api.PushCommand.call(PushCommand.java:137) ~[appian-adm-versioning-client-2.5.26.jar:?]
	... 5 more
2023-06-26 12:56:04,916 [main] ERROR com.appiancorp.ps.automatedversioning.AutomatedVersioningManager - There was an error completing the selected operation. Additional details will be logged.
2023-06-26 12:56:04,918 [main] ERROR com.appiancorp.ps.automatedversioning.AutomatedVersioningManager - Details of error: 
org.eclipse.jgit.api.errors.TransportException: https://github.com/darderius/appian.git: not authorized
	at org.eclipse.jgit.api.PushCommand.call(PushCommand.java:147) ~[appian-adm-versioning-client-2.5.26.jar:?]
	at com.appiancorp.ps.automatedversioning.GitObject.gitPush(GitObject.java:228) ~[appian-adm-versioning-client-2.5.26.jar:?]
	at com.appiancorp.ps.automatedversioning.GitObject.commit(GitObject.java:173) ~[appian-adm-versioning-client-2.5.26.jar:?]
	at com.appiancorp.ps.automatedversioning.GitObject.commit(GitObject.java:143) ~[appian-adm-versioning-client-2.5.26.jar:?]
	at com.appiancorp.ps.automatedversioning.VCSAndBuildController.addContents(VCSAndBuildController.java:178) ~[appian-adm-versioning-client-2.5.26.jar:?]
	at com.appiancorp.ps.automatedversioning.AutomatedVersioningManager.main(AutomatedVersioningManager.java:154) [appian-adm-versioning-client-2.5.26.jar:?]
Caused by: org.eclipse.jgit.errors.TransportException: https://github.com/darderius/appian.git: not authorized
	at org.eclipse.jgit.transport.TransportHttp.connect(TransportHttp.java:685) ~[appian-adm-versioning-client-2.5.26.jar:?]
	at org.eclipse.jgit.transport.TransportHttp.connect(TransportHttp.java:627) ~[appian-adm-versioning-client-2.5.26.jar:?]
	at org.eclipse.jgit.transport.TransportHttp.openPush(TransportHttp.java:541) ~[appian-adm-versioning-client-2.5.26.jar:?]
	at org.eclipse.jgit.transport.PushProcess.execute(PushProcess.java:127) ~[appian-adm-versioning-client-2.5.26.jar:?]
	at org.eclipse.jgit.transport.Transport.push(Transport.java:1384) ~[appian-adm-versioning-client-2.5.26.jar:?]
	at org.eclipse.jgit.api.PushCommand.call(PushCommand.java:137) ~[appian-adm-versioning-client-2.5.26.jar:?]
	... 5 more
2023-06-26 12:58:06,924 [main] ERROR com.appiancorp.ps.automatedversioning.AutomatedVersioningManager - There was an error completing the selected operation. Additional details will be logged.
2023-06-26 12:58:06,926 [main] ERROR com.appiancorp.ps.automatedversioning.AutomatedVersioningManager - Details of error: 
org.eclipse.jgit.api.errors.TransportException: https://github.com/darderius/appian.git: not authorized
	at org.eclipse.jgit.api.PushCommand.call(PushCommand.java:147) ~[appian-adm-versioning-client-2.5.26.jar:?]
	at com.appiancorp.ps.automatedversioning.GitObject.gitPush(GitObject.java:228) ~[appian-adm-versioning-client-2.5.26.jar:?]
	at com.appiancorp.ps.automatedversioning.GitObject.commit(GitObject.java:173) ~[appian-adm-versioning-client-2.5.26.jar:?]
	at com.appiancorp.ps.automatedversioning.GitObject.commit(GitObject.java:143) ~[appian-adm-versioning-client-2.5.26.jar:?]
	at com.appiancorp.ps.automatedversioning.VCSAndBuildController.addContents(VCSAndBuildController.java:178) ~[appian-adm-versioning-client-2.5.26.jar:?]
	at com.appiancorp.ps.automatedversioning.AutomatedVersioningManager.main(AutomatedVersioningManager.java:154) [appian-adm-versioning-client-2.5.26.jar:?]
Caused by: org.eclipse.jgit.errors.TransportException: https://github.com/darderius/appian.git: not authorized
	at org.eclipse.jgit.transport.TransportHttp.connect(TransportHttp.java:685) ~[appian-adm-versioning-client-2.5.26.jar:?]
	at org.eclipse.jgit.transport.TransportHttp.connect(TransportHttp.java:627) ~[appian-adm-versioning-client-2.5.26.jar:?]
	at org.eclipse.jgit.transport.TransportHttp.openPush(TransportHttp.java:541) ~[appian-adm-versioning-client-2.5.26.jar:?]
	at org.eclipse.jgit.transport.PushProcess.execute(PushProcess.java:127) ~[appian-adm-versioning-client-2.5.26.jar:?]
	at org.eclipse.jgit.transport.Transport.push(Transport.java:1384) ~[appian-adm-versioning-client-2.5.26.jar:?]
	at org.eclipse.jgit.api.PushCommand.call(PushCommand.java:137) ~[appian-adm-versioning-client-2.5.26.jar:?]
	... 5 more
2023-06-27 13:03:09,890 [main] ERROR com.appiancorp.ps.automatedversioning.AutomatedVersioningManager - There was an error completing the selected operation. Additional details will be logged.
2023-06-27 13:03:09,892 [main] ERROR com.appiancorp.ps.automatedversioning.AutomatedVersioningManager - Details of error: 
org.eclipse.jgit.api.errors.TransportException: https://github.com/darderius/appian.git: not authorized
	at org.eclipse.jgit.api.PushCommand.call(PushCommand.java:147) ~[appian-adm-versioning-client-2.5.26.jar:?]
	at com.appiancorp.ps.automatedversioning.GitObject.gitPush(GitObject.java:228) ~[appian-adm-versioning-client-2.5.26.jar:?]
	at com.appiancorp.ps.automatedversioning.GitObject.commit(GitObject.java:173) ~[appian-adm-versioning-client-2.5.26.jar:?]
	at com.appiancorp.ps.automatedversioning.GitObject.commit(GitObject.java:143) ~[appian-adm-versioning-client-2.5.26.jar:?]
	at com.appiancorp.ps.automatedversioning.VCSAndBuildController.addContents(VCSAndBuildController.java:178) ~[appian-adm-versioning-client-2.5.26.jar:?]
	at com.appiancorp.ps.automatedversioning.AutomatedVersioningManager.main(AutomatedVersioningManager.java:154) [appian-adm-versioning-client-2.5.26.jar:?]
Caused by: org.eclipse.jgit.errors.TransportException: https://github.com/darderius/appian.git: not authorized
	at org.eclipse.jgit.transport.TransportHttp.connect(TransportHttp.java:685) ~[appian-adm-versioning-client-2.5.26.jar:?]
	at org.eclipse.jgit.transport.TransportHttp.connect(TransportHttp.java:627) ~[appian-adm-versioning-client-2.5.26.jar:?]
	at org.eclipse.jgit.transport.TransportHttp.openPush(TransportHttp.java:541) ~[appian-adm-versioning-client-2.5.26.jar:?]
	at org.eclipse.jgit.transport.PushProcess.execute(PushProcess.java:127) ~[appian-adm-versioning-client-2.5.26.jar:?]
	at org.eclipse.jgit.transport.Transport.push(Transport.java:1384) ~[appian-adm-versioning-client-2.5.26.jar:?]
	at org.eclipse.jgit.api.PushCommand.call(PushCommand.java:137) ~[appian-adm-versioning-client-2.5.26.jar:?]
	... 5 more
